[ 2015-04-26T10:46:28+08:00 ] ::1 /proj_car/index.php/cars/index?menu=2
INFO: [ app_init ] --START--
INFO: Run Behavior\BuildLiteBehavior [ RunTime:0.000013s ]
INFO: [ app_init ] --END-- [ RunTime:0.000571s ]
INFO: [ app_begin ] --START--
INFO: Run Behavior\ReadHtmlCacheBehavior [ RunTime:0.000875s ]
INFO: [ app_begin ] --END-- [ RunTime:0.000966s ]
SQL: SHOW COLUMNS FROM `cars` [ RunTime:0.0020s ]
SQL: SHOW COLUMNS FROM `cars` [ RunTime:0.0016s ]
SQL: SELECT ci.img,c.id,c.brand,c.cars,c.seat_number,c.transmission,c.discharge,p.o_price,p.n_price,s.stock_name FROM car_img ci, cars c, price p, stock s WHERE ci.c_id = c.id AND p.c_id = c.id and s.c_id = c.id ORDER BY c.id desc LIMIT 0,10 [ RunTime:0.0007s ]
SQL: SELECT COUNT(*) AS tp_count FROM `cars` LIMIT 1   [ RunTime:0.0463s ]
INFO: [ view_parse ] --START--
INFO: [ template_filter ] --START--
INFO: Run Behavior\ContentReplaceBehavior [ RunTime:0.000034s ]
INFO: [ template_filter ] --END-- [ RunTime:0.000080s ]
NOTIC: [8] Undefined variable: page /Users/ronin/workspace/php/proj_car/Application/Runtime/Cache/Home/2828b1d9bb7750fd9ccb5ab7b921deba.php 第 18 行.
INFO: Run Behavior\ParseTemplateBehavior [ RunTime:0.101932s ]
INFO: [ view_parse ] --END-- [ RunTime:0.102004s ]
INFO: [ view_filter ] --START--
INFO: Run Behavior\WriteHtmlCacheBehavior [ RunTime:0.000832s ]
INFO: [ view_filter ] --END-- [ RunTime:0.000887s ]
INFO: [ app_end ] --START--
INFO: Run Behavior\ShowPageTraceBehavior [ RunTime:0.001351s ]
INFO: [ app_end ] --END-- [ RunTime:0.001474s ]

[ 2015-04-26T10:47:05+08:00 ] ::1 /proj_car/index.php/cars/index?menu=2
INFO: [ app_init ] --START--
INFO: Run Behavior\BuildLiteBehavior [ RunTime:0.000010s ]
INFO: [ app_init ] --END-- [ RunTime:0.000201s ]
INFO: [ app_begin ] --START--
INFO: Run Behavior\ReadHtmlCacheBehavior [ RunTime:0.000250s ]
INFO: [ app_begin ] --END-- [ RunTime:0.000283s ]
SQL: SHOW COLUMNS FROM `cars` [ RunTime:0.0018s ]
SQL: SHOW COLUMNS FROM `cars` [ RunTime:0.0014s ]
SQL: SELECT ci.img,c.id,c.brand,c.cars,c.seat_number,c.transmission,c.discharge,p.o_price,p.n_price,s.stock_name FROM car_img ci, cars c, price p, stock s WHERE ci.c_id = c.id AND p.c_id = c.id and s.c_id = c.id ORDER BY c.id desc LIMIT 0,10 [ RunTime:0.0004s ]
SQL: SELECT COUNT(*) AS tp_count FROM `cars` LIMIT 1   [ RunTime:0.0002s ]
INFO: [ view_parse ] --START--
INFO: [ template_filter ] --START--
INFO: Run Behavior\ContentReplaceBehavior [ RunTime:0.000038s ]
INFO: [ template_filter ] --END-- [ RunTime:0.000088s ]
NOTIC: [8] Undefined variable: page /Users/ronin/workspace/php/proj_car/Application/Runtime/Cache/Home/2828b1d9bb7750fd9ccb5ab7b921deba.php 第 18 行.
INFO: Run Behavior\ParseTemplateBehavior [ RunTime:0.066108s ]
INFO: [ view_parse ] --END-- [ RunTime:0.066152s ]
INFO: [ view_filter ] --START--
INFO: Run Behavior\WriteHtmlCacheBehavior [ RunTime:0.000116s ]
INFO: [ view_filter ] --END-- [ RunTime:0.000146s ]
INFO: [ app_end ] --START--
INFO: Run Behavior\ShowPageTraceBehavior [ RunTime:0.000448s ]
INFO: [ app_end ] --END-- [ RunTime:0.000491s ]

[ 2015-04-26T10:57:26+08:00 ] ::1 /proj_car/index.php/cars/index?menu=2
INFO: [ app_init ] --START--
INFO: Run Behavior\BuildLiteBehavior [ RunTime:0.000012s ]
INFO: [ app_init ] --END-- [ RunTime:0.000448s ]
INFO: [ app_begin ] --START--
INFO: Run Behavior\ReadHtmlCacheBehavior [ RunTime:0.001041s ]
INFO: [ app_begin ] --END-- [ RunTime:0.001113s ]
SQL: SHOW COLUMNS FROM `cars` [ RunTime:0.0231s ]
SQL: SHOW COLUMNS FROM `cars` [ RunTime:0.0015s ]
SQL: SELECT ci.img,c.id,c.brand,c.cars,c.seat_number,c.transmission,c.discharge,p.o_price,p.n_price,s.stock_name FROM car_img ci, cars c, price p, stock s WHERE ci.c_id = c.id AND p.c_id = c.id and s.c_id = c.id ORDER BY c.id desc LIMIT 0,10 [ RunTime:0.0005s ]
SQL: SELECT COUNT(*) AS tp_count FROM `cars` LIMIT 1   [ RunTime:0.0002s ]
INFO: [ view_parse ] --START--
INFO: [ template_filter ] --START--
INFO: Run Behavior\ContentReplaceBehavior [ RunTime:0.000035s ]
INFO: [ template_filter ] --END-- [ RunTime:0.000081s ]
NOTIC: [8] Undefined variable: page /Users/ronin/workspace/php/proj_car/Application/Runtime/Cache/Home/2828b1d9bb7750fd9ccb5ab7b921deba.php 第 18 行.
INFO: Run Behavior\ParseTemplateBehavior [ RunTime:0.093398s ]
INFO: [ view_parse ] --END-- [ RunTime:0.093448s ]
INFO: [ view_filter ] --START--
INFO: Run Behavior\WriteHtmlCacheBehavior [ RunTime:0.000487s ]
INFO: [ view_filter ] --END-- [ RunTime:0.000530s ]
INFO: [ app_end ] --START--
INFO: Run Behavior\ShowPageTraceBehavior [ RunTime:0.001277s ]
INFO: [ app_end ] --END-- [ RunTime:0.001368s ]

[ 2015-04-26T10:58:18+08:00 ] ::1 /proj_car/index.php/cars/index?menu=2
INFO: [ app_init ] --START--
INFO: Run Behavior\BuildLiteBehavior [ RunTime:0.000012s ]
INFO: [ app_init ] --END-- [ RunTime:0.000326s ]
INFO: [ app_begin ] --START--
INFO: Run Behavior\ReadHtmlCacheBehavior [ RunTime:0.000388s ]
INFO: [ app_begin ] --END-- [ RunTime:0.000443s ]
SQL: SHOW COLUMNS FROM `cars` [ RunTime:0.0061s ]
SQL: SHOW COLUMNS FROM `cars` [ RunTime:0.0018s ]
SQL: SELECT ci.img,c.id,c.brand,c.cars,c.seat_number,c.transmission,c.discharge,p.o_price,p.n_price,s.stock_name FROM car_img ci, cars c, price p, stock s WHERE ci.c_id = c.id AND p.c_id = c.id and s.c_id = c.id ORDER BY c.id desc LIMIT 0,10 [ RunTime:0.0004s ]
SQL: SELECT COUNT(*) AS tp_count FROM `cars` LIMIT 1   [ RunTime:0.0002s ]
INFO: [ view_parse ] --START--
INFO: [ template_filter ] --START--
INFO: Run Behavior\ContentReplaceBehavior [ RunTime:0.000109s ]
INFO: [ template_filter ] --END-- [ RunTime:0.000163s ]
NOTIC: [8] Undefined variable: page /Users/ronin/workspace/php/proj_car/Application/Runtime/Cache/Home/2828b1d9bb7750fd9ccb5ab7b921deba.php 第 18 行.
INFO: Run Behavior\ParseTemplateBehavior [ RunTime:0.008904s ]
INFO: [ view_parse ] --END-- [ RunTime:0.008945s ]
INFO: [ view_filter ] --START--
INFO: Run Behavior\WriteHtmlCacheBehavior [ RunTime:0.000129s ]
INFO: [ view_filter ] --END-- [ RunTime:0.000167s ]
INFO: [ app_end ] --START--
INFO: Run Behavior\ShowPageTraceBehavior [ RunTime:0.000486s ]
INFO: [ app_end ] --END-- [ RunTime:0.000557s ]

[ 2015-04-26T10:59:12+08:00 ] ::1 /proj_car/index.php/cars/index?menu=2
INFO: [ app_init ] --START--
INFO: Run Behavior\BuildLiteBehavior [ RunTime:0.000010s ]
INFO: [ app_init ] --END-- [ RunTime:0.000201s ]
INFO: [ app_begin ] --START--
INFO: Run Behavior\ReadHtmlCacheBehavior [ RunTime:0.000259s ]
INFO: [ app_begin ] --END-- [ RunTime:0.000290s ]
SQL: SHOW COLUMNS FROM `cars` [ RunTime:0.0020s ]
SQL: SHOW COLUMNS FROM `cars` [ RunTime:0.0020s ]
SQL: SELECT ci.img,c.id,c.brand,c.cars,c.seat_number,c.transmission,c.discharge,p.o_price,p.n_price,s.stock_name FROM car_img ci, cars c, price p, stock s WHERE ci.c_id = c.id AND p.c_id = c.id and s.c_id = c.id ORDER BY c.id desc LIMIT 0,10 [ RunTime:0.0006s ]
SQL: SELECT COUNT(*) AS tp_count FROM `cars` LIMIT 1   [ RunTime:0.0002s ]
INFO: [ view_parse ] --START--
INFO: [ template_filter ] --START--
INFO: Run Behavior\ContentReplaceBehavior [ RunTime:0.000034s ]
INFO: [ template_filter ] --END-- [ RunTime:0.000079s ]
NOTIC: [8] Undefined variable: page /Users/ronin/workspace/php/proj_car/Application/Runtime/Cache/Home/2828b1d9bb7750fd9ccb5ab7b921deba.php 第 18 行.
INFO: Run Behavior\ParseTemplateBehavior [ RunTime:0.007963s ]
INFO: [ view_parse ] --END-- [ RunTime:0.008006s ]
INFO: [ view_filter ] --START--
INFO: Run Behavior\WriteHtmlCacheBehavior [ RunTime:0.000128s ]
INFO: [ view_filter ] --END-- [ RunTime:0.000156s ]
INFO: [ app_end ] --START--
INFO: Run Behavior\ShowPageTraceBehavior [ RunTime:0.000436s ]
INFO: [ app_end ] --END-- [ RunTime:0.000482s ]

[ 2015-04-26T10:59:15+08:00 ] ::1 /proj_car/index.php/cars/getFilter?gear=0&seat=0
INFO: [ app_init ] --START--
INFO: Run Behavior\BuildLiteBehavior [ RunTime:0.000010s ]
INFO: [ app_init ] --END-- [ RunTime:0.000209s ]
INFO: [ app_begin ] --START--
INFO: Run Behavior\ReadHtmlCacheBehavior [ RunTime:0.000260s ]
INFO: [ app_begin ] --END-- [ RunTime:0.000289s ]

[ 2015-04-26T11:00:10+08:00 ] ::1 /proj_car/index.php/cars/index?menu=2
INFO: [ app_init ] --START--
INFO: Run Behavior\BuildLiteBehavior [ RunTime:0.000010s ]
INFO: [ app_init ] --END-- [ RunTime:0.000227s ]
INFO: [ app_begin ] --START--
INFO: Run Behavior\ReadHtmlCacheBehavior [ RunTime:0.000289s ]
INFO: [ app_begin ] --END-- [ RunTime:0.000332s ]
SQL: SHOW COLUMNS FROM `cars` [ RunTime:0.0060s ]
SQL: SHOW COLUMNS FROM `cars` [ RunTime:0.0021s ]
SQL: SELECT ci.img,c.id,c.brand,c.cars,c.seat_number,c.transmission,c.discharge,p.o_price,p.n_price,s.stock_name FROM car_img ci, cars c, price p, stock s WHERE ci.c_id = c.id AND p.c_id = c.id and s.c_id = c.id ORDER BY c.id desc LIMIT 0,10 [ RunTime:0.0005s ]
SQL: SELECT COUNT(*) AS tp_count FROM `cars` LIMIT 1   [ RunTime:0.0002s ]
INFO: [ view_parse ] --START--
INFO: [ template_filter ] --START--
INFO: Run Behavior\ContentReplaceBehavior [ RunTime:0.000034s ]
INFO: [ template_filter ] --END-- [ RunTime:0.000077s ]
NOTIC: [8] Undefined variable: page /Users/ronin/workspace/php/proj_car/Application/Runtime/Cache/Home/2828b1d9bb7750fd9ccb5ab7b921deba.php 第 18 行.
INFO: Run Behavior\ParseTemplateBehavior [ RunTime:0.008326s ]
INFO: [ view_parse ] --END-- [ RunTime:0.008367s ]
INFO: [ view_filter ] --START--
INFO: Run Behavior\WriteHtmlCacheBehavior [ RunTime:0.000120s ]
INFO: [ view_filter ] --END-- [ RunTime:0.000147s ]
INFO: [ app_end ] --START--
INFO: Run Behavior\ShowPageTraceBehavior [ RunTime:0.000547s ]
INFO: [ app_end ] --END-- [ RunTime:0.000601s ]

[ 2015-04-26T11:00:13+08:00 ] ::1 /proj_car/index.php/cars/getFilter?gear=0&seat=0
INFO: [ app_init ] --START--
INFO: Run Behavior\BuildLiteBehavior [ RunTime:0.000029s ]
INFO: [ app_init ] --END-- [ RunTime:0.000450s ]
INFO: [ app_begin ] --START--
INFO: Run Behavior\ReadHtmlCacheBehavior [ RunTime:0.000346s ]
INFO: [ app_begin ] --END-- [ RunTime:0.000395s ]
NOTIC: [2] Missing argument 1 for I(), called in /Users/ronin/workspace/php/proj_car/Application/Home/Controller/CarsController.class.php on line 33 and defined /Users/ronin/workspace/php/proj_car/ThinkPHP/Common/functions.php 第 271 行.
NOTIC: [8] Undefined variable: name /Users/ronin/workspace/php/proj_car/ThinkPHP/Common/functions.php 第 273 行.
NOTIC: [8] Undefined variable: name /Users/ronin/workspace/php/proj_car/ThinkPHP/Common/functions.php 第 278 行.
NOTIC: [8] Undefined variable: name /Users/ronin/workspace/php/proj_car/ThinkPHP/Common/functions.php 第 339 行.

[ 2015-04-26T11:00:24+08:00 ] ::1 /proj_car/index.php/cars/getFilter?gear=1&seat=1
INFO: [ app_init ] --START--
INFO: Run Behavior\BuildLiteBehavior [ RunTime:0.000011s ]
INFO: [ app_init ] --END-- [ RunTime:0.000219s ]
INFO: [ app_begin ] --START--
INFO: Run Behavior\ReadHtmlCacheBehavior [ RunTime:0.000503s ]
INFO: [ app_begin ] --END-- [ RunTime:0.000551s ]
NOTIC: [2] Missing argument 1 for I(), called in /Users/ronin/workspace/php/proj_car/Application/Home/Controller/CarsController.class.php on line 33 and defined /Users/ronin/workspace/php/proj_car/ThinkPHP/Common/functions.php 第 271 行.
NOTIC: [8] Undefined variable: name /Users/ronin/workspace/php/proj_car/ThinkPHP/Common/functions.php 第 273 行.
NOTIC: [8] Undefined variable: name /Users/ronin/workspace/php/proj_car/ThinkPHP/Common/functions.php 第 278 行.
NOTIC: [8] Undefined variable: name /Users/ronin/workspace/php/proj_car/ThinkPHP/Common/functions.php 第 339 行.

[ 2015-04-26T11:00:28+08:00 ] ::1 /proj_car/index.php/cars/getFilter?gear=2&seat=2
INFO: [ app_init ] --START--
INFO: Run Behavior\BuildLiteBehavior [ RunTime:0.000011s ]
INFO: [ app_init ] --END-- [ RunTime:0.000235s ]
INFO: [ app_begin ] --START--
INFO: Run Behavior\ReadHtmlCacheBehavior [ RunTime:0.000281s ]
INFO: [ app_begin ] --END-- [ RunTime:0.000315s ]
NOTIC: [2] Missing argument 1 for I(), called in /Users/ronin/workspace/php/proj_car/Application/Home/Controller/CarsController.class.php on line 33 and defined /Users/ronin/workspace/php/proj_car/ThinkPHP/Common/functions.php 第 271 行.
NOTIC: [8] Undefined variable: name /Users/ronin/workspace/php/proj_car/ThinkPHP/Common/functions.php 第 273 行.
NOTIC: [8] Undefined variable: name /Users/ronin/workspace/php/proj_car/ThinkPHP/Common/functions.php 第 278 行.
NOTIC: [8] Undefined variable: name /Users/ronin/workspace/php/proj_car/ThinkPHP/Common/functions.php 第 339 行.

[ 2015-04-26T11:00:31+08:00 ] ::1 /proj_car/index.php/cars/getFilter?gear=1&seat=2
INFO: [ app_init ] --START--
INFO: Run Behavior\BuildLiteBehavior [ RunTime:0.000012s ]
INFO: [ app_init ] --END-- [ RunTime:0.000252s ]
INFO: [ app_begin ] --START--
INFO: Run Behavior\ReadHtmlCacheBehavior [ RunTime:0.000319s ]
INFO: [ app_begin ] --END-- [ RunTime:0.000355s ]
NOTIC: [2] Missing argument 1 for I(), called in /Users/ronin/workspace/php/proj_car/Application/Home/Controller/CarsController.class.php on line 33 and defined /Users/ronin/workspace/php/proj_car/ThinkPHP/Common/functions.php 第 271 行.
NOTIC: [8] Undefined variable: name /Users/ronin/workspace/php/proj_car/ThinkPHP/Common/functions.php 第 273 行.
NOTIC: [8] Undefined variable: name /Users/ronin/workspace/php/proj_car/ThinkPHP/Common/functions.php 第 278 行.
NOTIC: [8] Undefined variable: name /Users/ronin/workspace/php/proj_car/ThinkPHP/Common/functions.php 第 339 行.

[ 2015-04-26T11:01:42+08:00 ] ::1 /proj_car/index.php/cars/index?menu=2
INFO: [ app_init ] --START--
INFO: Run Behavior\BuildLiteBehavior [ RunTime:0.000010s ]
INFO: [ app_init ] --END-- [ RunTime:0.000296s ]
INFO: [ app_begin ] --START--
INFO: Run Behavior\ReadHtmlCacheBehavior [ RunTime:0.000368s ]
INFO: [ app_begin ] --END-- [ RunTime:0.000420s ]
SQL: SHOW COLUMNS FROM `cars` [ RunTime:0.0289s ]
SQL: SHOW COLUMNS FROM `cars` [ RunTime:0.0017s ]
SQL: SELECT ci.img,c.id,c.brand,c.cars,c.seat_number,c.transmission,c.discharge,p.o_price,p.n_price,s.stock_name FROM car_img ci, cars c, price p, stock s WHERE ci.c_id = c.id AND p.c_id = c.id and s.c_id = c.id ORDER BY c.id desc LIMIT 0,10 [ RunTime:0.0006s ]
SQL: SELECT COUNT(*) AS tp_count FROM `cars` LIMIT 1   [ RunTime:0.0002s ]
INFO: [ view_parse ] --START--
INFO: [ template_filter ] --START--
INFO: Run Behavior\ContentReplaceBehavior [ RunTime:0.000078s ]
INFO: [ template_filter ] --END-- [ RunTime:0.000161s ]
NOTIC: [8] Undefined variable: page /Users/ronin/workspace/php/proj_car/Application/Runtime/Cache/Home/2828b1d9bb7750fd9ccb5ab7b921deba.php 第 18 行.
INFO: Run Behavior\ParseTemplateBehavior [ RunTime:0.024802s ]
INFO: [ view_parse ] --END-- [ RunTime:0.024858s ]
INFO: [ view_filter ] --START--
INFO: Run Behavior\WriteHtmlCacheBehavior [ RunTime:0.000146s ]
INFO: [ view_filter ] --END-- [ RunTime:0.000175s ]
INFO: [ app_end ] --START--
INFO: Run Behavior\ShowPageTraceBehavior [ RunTime:0.000453s ]
INFO: [ app_end ] --END-- [ RunTime:0.000548s ]

[ 2015-04-26T11:01:46+08:00 ] ::1 /proj_car/index.php/cars/getFilter?gear=0&seat=0
INFO: [ app_init ] --START--
INFO: Run Behavior\BuildLiteBehavior [ RunTime:0.000010s ]
INFO: [ app_init ] --END-- [ RunTime:0.000200s ]
INFO: [ app_begin ] --START--
INFO: Run Behavior\ReadHtmlCacheBehavior [ RunTime:0.000311s ]
INFO: [ app_begin ] --END-- [ RunTime:0.000352s ]
SQL: SHOW COLUMNS FROM `cars` [ RunTime:0.0022s ]
SQL: SHOW COLUMNS FROM `cars` [ RunTime:0.0015s ]
SQL: SELECT ci.img,c.id,c.brand,c.cars,c.seat_number,c.transmission,c.discharge,p.o_price,p.n_price,s.stock_name FROM car_img ci, cars c, price p, stock s WHERE ci.c_id = c.id AND p.c_id = c.id and s.c_id = c.id ORDER BY c.id desc LIMIT 0,10 [ RunTime:0.0005s ]
SQL: SELECT COUNT(*) AS tp_count FROM `cars` LIMIT 1   [ RunTime:0.0001s ]

[ 2015-04-26T11:03:07+08:00 ] ::1 /proj_car/index.php/cars/getFilter?gear=1&seat=1
INFO: [ app_init ] --START--
INFO: Run Behavior\BuildLiteBehavior [ RunTime:0.000014s ]
INFO: [ app_init ] --END-- [ RunTime:0.000293s ]
INFO: [ app_begin ] --START--
INFO: Run Behavior\ReadHtmlCacheBehavior [ RunTime:0.000352s ]
INFO: [ app_begin ] --END-- [ RunTime:0.000414s ]
SQL: SHOW COLUMNS FROM `cars` [ RunTime:0.0056s ]
SQL: SHOW COLUMNS FROM `cars` [ RunTime:0.0017s ]
SQL: SELECT ci.img,c.id,c.brand,c.cars,c.seat_number,c.transmission,c.discharge,p.o_price,p.n_price,s.stock_name FROM car_img ci, cars c, price p, stock s WHERE ci.c_id = c.id AND p.c_id = c.id and s.c_id = c.id and c.transmission ="1" and c.seat_number = "1" ORDER BY c.id desc LIMIT 0,10 [ RunTime:0.0428s ]
ERR: SQLSTATE[42000]: Syntax error or access violation: 1064 You have an error in your SQL syntax; check the manual that corresponds to your MySQL server version for the right syntax to use near 'SELECT ci.img,c.id,c.brand,c.cars,c.seat_number,c.transmission,c.discharge,p.o_p' at line 1

[ 2015-04-26T11:04:34+08:00 ] ::1 /proj_car/index.php/cars/index?menu=2
INFO: [ app_init ] --START--
INFO: Run Behavior\BuildLiteBehavior [ RunTime:0.000013s ]
INFO: [ app_init ] --END-- [ RunTime:0.000429s ]
INFO: [ app_begin ] --START--
INFO: Run Behavior\ReadHtmlCacheBehavior [ RunTime:0.000726s ]
INFO: [ app_begin ] --END-- [ RunTime:0.000775s ]
SQL: SHOW COLUMNS FROM `cars` [ RunTime:0.0348s ]
SQL: SHOW COLUMNS FROM `cars` [ RunTime:0.0015s ]
NOTIC: [2] Illegal string offset 'data' /Users/ronin/workspace/php/proj_car/Application/Home/Controller/CarsController.class.php 第 27 行.
INFO: [ view_parse ] --START--
INFO: [ template_filter ] --START--
INFO: Run Behavior\ContentReplaceBehavior [ RunTime:0.000036s ]
INFO: [ template_filter ] --END-- [ RunTime:0.000083s ]
NOTIC: [8] Undefined variable: page /Users/ronin/workspace/php/proj_car/Application/Runtime/Cache/Home/2828b1d9bb7750fd9ccb5ab7b921deba.php 第 18 行.
INFO: Run Behavior\ParseTemplateBehavior [ RunTime:0.094102s ]
INFO: [ view_parse ] --END-- [ RunTime:0.094157s ]
INFO: [ view_filter ] --START--
INFO: Run Behavior\WriteHtmlCacheBehavior [ RunTime:0.001201s ]
INFO: [ view_filter ] --END-- [ RunTime:0.001276s ]
INFO: [ app_end ] --START--
INFO: Run Behavior\ShowPageTraceBehavior [ RunTime:0.016060s ]
INFO: [ app_end ] --END-- [ RunTime:0.016127s ]

[ 2015-04-26T11:04:41+08:00 ] ::1 /proj_car/index.php/cars/getFilter?gear=1&seat=1
INFO: [ app_init ] --START--
INFO: Run Behavior\BuildLiteBehavior [ RunTime:0.000011s ]
INFO: [ app_init ] --END-- [ RunTime:0.000343s ]
INFO: [ app_begin ] --START--
INFO: Run Behavior\ReadHtmlCacheBehavior [ RunTime:0.000328s ]
INFO: [ app_begin ] --END-- [ RunTime:0.000365s ]
SQL: SHOW COLUMNS FROM `cars` [ RunTime:0.0063s ]
SQL: SHOW COLUMNS FROM `cars` [ RunTime:0.0084s ]

[ 2015-04-26T11:08:08+08:00 ] ::1 /proj_car/index.php/cars/index?menu=2
INFO: [ app_init ] --START--
INFO: Run Behavior\BuildLiteBehavior [ RunTime:0.000015s ]
INFO: [ app_init ] --END-- [ RunTime:0.000585s ]
INFO: [ app_begin ] --START--
INFO: Run Behavior\ReadHtmlCacheBehavior [ RunTime:0.000937s ]
INFO: [ app_begin ] --END-- [ RunTime:0.001003s ]
SQL: SHOW COLUMNS FROM `cars` [ RunTime:0.0026s ]
SQL: SHOW COLUMNS FROM `cars` [ RunTime:0.0021s ]
SQL: SELECT ci.img,c.id,c.brand,c.cars,c.seat_number,c.transmission,c.discharge,p.o_price,p.n_price,s.stock_name FROM car_img as ci, cars as c, price as p, stock as s WHERE ci.c_id = c.id AND p.c_id = c.id and s.c_id = c.id ORDER BY c.id desc LIMIT 0,10 [ RunTime:0.0005s ]
SQL: SELECT COUNT(*) AS tp_count FROM `cars` LIMIT 1   [ RunTime:0.0001s ]
INFO: [ view_parse ] --START--
INFO: [ template_filter ] --START--
INFO: Run Behavior\ContentReplaceBehavior [ RunTime:0.000038s ]
INFO: [ template_filter ] --END-- [ RunTime:0.000085s ]
NOTIC: [8] Undefined variable: page /Users/ronin/workspace/php/proj_car/Application/Runtime/Cache/Home/2828b1d9bb7750fd9ccb5ab7b921deba.php 第 18 行.
INFO: Run Behavior\ParseTemplateBehavior [ RunTime:0.088604s ]
INFO: [ view_parse ] --END-- [ RunTime:0.088649s ]
INFO: [ view_filter ] --START--
INFO: Run Behavior\WriteHtmlCacheBehavior [ RunTime:0.001314s ]
INFO: [ view_filter ] --END-- [ RunTime:0.001372s ]
INFO: [ app_end ] --START--
INFO: Run Behavior\ShowPageTraceBehavior [ RunTime:0.000948s ]
INFO: [ app_end ] --END-- [ RunTime:0.001022s ]

[ 2015-04-26T11:08:15+08:00 ] ::1 /proj_car/index.php/cars/getFilter?gear=AT&seat=5
INFO: [ app_init ] --START--
INFO: Run Behavior\BuildLiteBehavior [ RunTime:0.000011s ]
INFO: [ app_init ] --END-- [ RunTime:0.000227s ]
INFO: [ app_begin ] --START--
INFO: Run Behavior\ReadHtmlCacheBehavior [ RunTime:0.000502s ]
INFO: [ app_begin ] --END-- [ RunTime:0.000548s ]
SQL: SHOW COLUMNS FROM `cars` [ RunTime:0.0059s ]
SQL: SHOW COLUMNS FROM `cars` [ RunTime:0.0017s ]
SQL: SELECT ci.img,c.id,c.brand,c.cars,c.seat_number,c.transmission,c.discharge,p.o_price,p.n_price,s.stock_name FROM car_img as ci, cars as c, price as p, stock as s WHERE ci.c_id = c.id AND p.c_id = c.id and s.c_id = c.id and c.transmission ="AT" and c.seat_number = "5" ORDER BY c.id desc LIMIT 0,10 [ RunTime:0.0004s ]
ERR: SQLSTATE[42000]: Syntax error or access violation: 1064 You have an error in your SQL syntax; check the manual that corresponds to your MySQL server version for the right syntax to use near 'SELECT ci.img,c.id,c.brand,c.cars,c.seat_number,c.transmission,c.discharge,p.o_p' at line 1

[ 2015-04-26T11:10:36+08:00 ] ::1 /proj_car/index.php/cars/index?menu=2
INFO: [ app_init ] --START--
INFO: Run Behavior\BuildLiteBehavior [ RunTime:0.000013s ]
INFO: [ app_init ] --END-- [ RunTime:0.000505s ]
INFO: [ app_begin ] --START--
INFO: Run Behavior\ReadHtmlCacheBehavior [ RunTime:0.000763s ]
INFO: [ app_begin ] --END-- [ RunTime:0.000817s ]
SQL: SHOW COLUMNS FROM `cars` [ RunTime:0.0353s ]
SQL: SHOW COLUMNS FROM `cars` [ RunTime:0.0023s ]
NOTIC: [2] Illegal string offset 'data' /Users/ronin/workspace/php/proj_car/Application/Home/Controller/CarsController.class.php 第 27 行.
NOTIC: [8] Uninitialized string offset: 0 /Users/ronin/workspace/php/proj_car/Application/Home/Controller/CarsController.class.php 第 27 行.
INFO: [ view_parse ] --START--
INFO: [ template_filter ] --START--
INFO: Run Behavior\ContentReplaceBehavior [ RunTime:0.000053s ]
INFO: [ template_filter ] --END-- [ RunTime:0.000126s ]
NOTIC: [8] Undefined variable: page /Users/ronin/workspace/php/proj_car/Application/Runtime/Cache/Home/2828b1d9bb7750fd9ccb5ab7b921deba.php 第 18 行.
INFO: Run Behavior\ParseTemplateBehavior [ RunTime:0.106201s ]
INFO: [ view_parse ] --END-- [ RunTime:0.106259s ]
INFO: [ view_filter ] --START--
INFO: Run Behavior\WriteHtmlCacheBehavior [ RunTime:0.000846s ]
INFO: [ view_filter ] --END-- [ RunTime:0.000915s ]
INFO: [ app_end ] --START--
INFO: Run Behavior\ShowPageTraceBehavior [ RunTime:0.001011s ]
INFO: [ app_end ] --END-- [ RunTime:0.001101s ]

[ 2015-04-26T11:10:40+08:00 ] ::1 /proj_car/index.php/cars/getFilter?gear=AT&seat=5
INFO: [ app_init ] --START--
INFO: Run Behavior\BuildLiteBehavior [ RunTime:0.000010s ]
INFO: [ app_init ] --END-- [ RunTime:0.000263s ]
INFO: [ app_begin ] --START--
INFO: Run Behavior\ReadHtmlCacheBehavior [ RunTime:0.000331s ]
INFO: [ app_begin ] --END-- [ RunTime:0.000363s ]
SQL: SHOW COLUMNS FROM `cars` [ RunTime:0.0021s ]
SQL: SHOW COLUMNS FROM `cars` [ RunTime:0.0021s ]

[ 2015-04-26T11:13:32+08:00 ] ::1 /proj_car/index.php/cars/index?menu=2
INFO: [ app_init ] --START--
INFO: Run Behavior\BuildLiteBehavior [ RunTime:0.000012s ]
INFO: [ app_init ] --END-- [ RunTime:0.000437s ]
INFO: [ app_begin ] --START--
INFO: Run Behavior\ReadHtmlCacheBehavior [ RunTime:0.000764s ]
INFO: [ app_begin ] --END-- [ RunTime:0.000859s ]
SQL: SHOW COLUMNS FROM `cars` [ RunTime:0.0026s ]
SQL: SHOW COLUMNS FROM `cars` [ RunTime:0.0018s ]
NOTIC: [2] Illegal string offset 'data' /Users/ronin/workspace/php/proj_car/Application/Home/Controller/CarsController.class.php 第 27 行.
NOTIC: [8] Uninitialized string offset: 0 /Users/ronin/workspace/php/proj_car/Application/Home/Controller/CarsController.class.php 第 27 行.
INFO: [ view_parse ] --START--
INFO: [ template_filter ] --START--
INFO: Run Behavior\ContentReplaceBehavior [ RunTime:0.000056s ]
INFO: [ template_filter ] --END-- [ RunTime:0.000130s ]
NOTIC: [8] Undefined variable: page /Users/ronin/workspace/php/proj_car/Application/Runtime/Cache/Home/2828b1d9bb7750fd9ccb5ab7b921deba.php 第 18 行.
INFO: Run Behavior\ParseTemplateBehavior [ RunTime:0.064236s ]
INFO: [ view_parse ] --END-- [ RunTime:0.064277s ]
INFO: [ view_filter ] --START--
INFO: Run Behavior\WriteHtmlCacheBehavior [ RunTime:0.000854s ]
INFO: [ view_filter ] --END-- [ RunTime:0.000896s ]
INFO: [ app_end ] --START--
INFO: Run Behavior\ShowPageTraceBehavior [ RunTime:0.000753s ]
INFO: [ app_end ] --END-- [ RunTime:0.000803s ]

[ 2015-04-26T11:13:39+08:00 ] ::1 /proj_car/index.php/cars/getFilter?gear=AT&seat=5
INFO: [ app_init ] --START--
INFO: Run Behavior\BuildLiteBehavior [ RunTime:0.000011s ]
INFO: [ app_init ] --END-- [ RunTime:0.000230s ]
INFO: [ app_begin ] --START--
INFO: Run Behavior\ReadHtmlCacheBehavior [ RunTime:0.000284s ]
INFO: [ app_begin ] --END-- [ RunTime:0.000316s ]
SQL: SHOW COLUMNS FROM `cars` [ RunTime:0.0061s ]
SQL: SHOW COLUMNS FROM `cars` [ RunTime:0.0019s ]

[ 2015-04-26T11:14:21+08:00 ] ::1 /proj_car/index.php/cars/index?menu=2
INFO: [ app_init ] --START--
INFO: Run Behavior\BuildLiteBehavior [ RunTime:0.000016s ]
INFO: [ app_init ] --END-- [ RunTime:0.000308s ]
INFO: [ app_begin ] --START--
INFO: Run Behavior\ReadHtmlCacheBehavior [ RunTime:0.000401s ]
INFO: [ app_begin ] --END-- [ RunTime:0.000479s ]
SQL: SHOW COLUMNS FROM `cars` [ RunTime:0.0027s ]
SQL: SHOW COLUMNS FROM `cars` [ RunTime:0.0025s ]
SQL: SELECT ci.img,c.id,c.brand,c.cars,c.seat_number,c.transmission,c.discharge,p.o_price,p.n_price,s.stock_name FROM car_img as ci, cars as c, price as p, stock as s WHERE ci.c_id = c.id AND p.c_id = c.id and s.c_id = c.id ORDER BY c.id desc LIMIT 0,10 [ RunTime:0.0005s ]
SQL: SELECT COUNT(*) AS tp_count FROM `cars` LIMIT 1   [ RunTime:0.0002s ]
INFO: [ view_parse ] --START--
INFO: [ template_filter ] --START--
INFO: Run Behavior\ContentReplaceBehavior [ RunTime:0.000035s ]
INFO: [ template_filter ] --END-- [ RunTime:0.000077s ]
NOTIC: [8] Undefined variable: page /Users/ronin/workspace/php/proj_car/Application/Runtime/Cache/Home/2828b1d9bb7750fd9ccb5ab7b921deba.php 第 18 行.
INFO: Run Behavior\ParseTemplateBehavior [ RunTime:0.006845s ]
INFO: [ view_parse ] --END-- [ RunTime:0.006892s ]
INFO: [ view_filter ] --START--
INFO: Run Behavior\WriteHtmlCacheBehavior [ RunTime:0.000119s ]
INFO: [ view_filter ] --END-- [ RunTime:0.000147s ]
INFO: [ app_end ] --START--
INFO: Run Behavior\ShowPageTraceBehavior [ RunTime:0.000454s ]
INFO: [ app_end ] --END-- [ RunTime:0.000488s ]

[ 2015-04-26T11:14:29+08:00 ] ::1 /proj_car/index.php/cars/getFilter?gear=AT&seat=5
INFO: [ app_init ] --START--
INFO: Run Behavior\BuildLiteBehavior [ RunTime:0.000010s ]
INFO: [ app_init ] --END-- [ RunTime:0.000223s ]
INFO: [ app_begin ] --START--
INFO: Run Behavior\ReadHtmlCacheBehavior [ RunTime:0.000401s ]
INFO: [ app_begin ] --END-- [ RunTime:0.000440s ]
SQL: SHOW COLUMNS FROM `cars` [ RunTime:0.0061s ]
SQL: SHOW COLUMNS FROM `cars` [ RunTime:0.0021s ]
SQL: SELECT ci.img,c.id,c.brand,c.cars,c.seat_number,c.transmission,c.discharge,p.o_price,p.n_price,s.stock_name FROM car_img as ci, cars as c, price as p, stock as s WHERE ci.c_id = c.id AND p.c_id = c.id and s.c_id = c.id and c.transmission ="AT" and c.seat_number = "5" ORDER BY c.id desc LIMIT 0,10 [ RunTime:0.0004s ]
SQL: SELECT ci.img,c.id,c.brand,c.cars,c.seat_number,c.transmission,c.discharge,p.o_price,p.n_price,s.stock_name FROM car_img as ci, cars as c, price as p, stock as s WHERE ci.c_id = c.id AND p.c_id = c.id and s.c_id = c.id and c.transmission ="AT" and c.seat_number = "5" [ RunTime:0.0002s ]

[ 2015-04-26T22:50:11+08:00 ] ::1 /proj_car/index.php/cars/index?menu=2
INFO: [ app_init ] --START--
INFO: Run Behavior\BuildLiteBehavior [ RunTime:0.000011s ]
INFO: [ app_init ] --END-- [ RunTime:0.000453s ]
INFO: [ app_begin ] --START--
INFO: Run Behavior\ReadHtmlCacheBehavior [ RunTime:0.012481s ]
INFO: [ app_begin ] --END-- [ RunTime:0.012552s ]
SQL: SHOW COLUMNS FROM `cars` [ RunTime:0.0026s ]
SQL: SHOW COLUMNS FROM `cars` [ RunTime:0.0019s ]
SQL: SELECT ci.img,c.id,c.brand,c.cars,c.seat_number,c.transmission,c.discharge,p.o_price,p.n_price,s.stock_name FROM car_img as ci, cars as c, price as p, stock as s WHERE ci.c_id = c.id AND p.c_id = c.id and s.c_id = c.id ORDER BY c.id desc LIMIT 0,10 [ RunTime:0.0006s ]
SQL: SELECT COUNT(*) AS tp_count FROM `cars` LIMIT 1   [ RunTime:0.0002s ]
INFO: [ view_parse ] --START--
INFO: [ template_filter ] --START--
INFO: Run Behavior\ContentReplaceBehavior [ RunTime:0.000042s ]
INFO: [ template_filter ] --END-- [ RunTime:0.000099s ]
NOTIC: [8] Undefined variable: page /Users/ronin/workspace/php/proj_car/Application/Runtime/Cache/Home/2828b1d9bb7750fd9ccb5ab7b921deba.php 第 18 行.
INFO: Run Behavior\ParseTemplateBehavior [ RunTime:0.084207s ]
INFO: [ view_parse ] --END-- [ RunTime:0.084301s ]
INFO: [ view_filter ] --START--
INFO: Run Behavior\WriteHtmlCacheBehavior [ RunTime:0.001264s ]
INFO: [ view_filter ] --END-- [ RunTime:0.001337s ]
INFO: [ app_end ] --START--
INFO: Run Behavior\ShowPageTraceBehavior [ RunTime:0.000951s ]
INFO: [ app_end ] --END-- [ RunTime:0.001014s ]

[ 2015-04-26T22:50:18+08:00 ] ::1 /proj_car/index.php/cars/getFilter?gear=AT&seat=5
INFO: [ app_init ] --START--
INFO: Run Behavior\BuildLiteBehavior [ RunTime:0.000009s ]
INFO: [ app_init ] --END-- [ RunTime:0.000202s ]
INFO: [ app_begin ] --START--
INFO: Run Behavior\ReadHtmlCacheBehavior [ RunTime:0.000416s ]
INFO: [ app_begin ] --END-- [ RunTime:0.000460s ]
SQL: SHOW COLUMNS FROM `cars` [ RunTime:0.0060s ]
SQL: SHOW COLUMNS FROM `cars` [ RunTime:0.0023s ]
SQL: SELECT ci.img,c.id,c.brand,c.cars,c.seat_number,c.transmission,c.discharge,p.o_price,p.n_price,s.stock_name FROM car_img as ci, cars as c, price as p, stock as s WHERE ci.c_id = c.id AND p.c_id = c.id and s.c_id = c.id and c.transmission ="AT" and c.seat_number = "5" ORDER BY c.id desc LIMIT 0,10 [ RunTime:0.0005s ]
SQL: SELECT ci.img,c.id,c.brand,c.cars,c.seat_number,c.transmission,c.discharge,p.o_price,p.n_price,s.stock_name FROM car_img as ci, cars as c, price as p, stock as s WHERE ci.c_id = c.id AND p.c_id = c.id and s.c_id = c.id and c.transmission ="AT" and c.seat_number = "5" [ RunTime:0.0002s ]

[ 2015-04-26T22:50:43+08:00 ] ::1 /proj_car/index.php/cars/index?menu=2
INFO: [ app_init ] --START--
INFO: Run Behavior\BuildLiteBehavior [ RunTime:0.000029s ]
INFO: [ app_init ] --END-- [ RunTime:0.000307s ]
INFO: [ app_begin ] --START--
INFO: Run Behavior\ReadHtmlCacheBehavior [ RunTime:0.000386s ]
INFO: [ app_begin ] --END-- [ RunTime:0.000449s ]
SQL: SHOW COLUMNS FROM `cars` [ RunTime:0.0244s ]
SQL: SHOW COLUMNS FROM `cars` [ RunTime:0.0014s ]
SQL: SELECT ci.img,c.id,c.brand,c.cars,c.seat_number,c.transmission,c.discharge,p.o_price,p.n_price,s.stock_name FROM car_img as ci, cars as c, price as p, stock as s WHERE ci.c_id = c.id AND p.c_id = c.id and s.c_id = c.id ORDER BY c.id desc LIMIT 0,10 [ RunTime:0.0004s ]
SQL: SELECT COUNT(*) AS tp_count FROM `cars` LIMIT 1   [ RunTime:0.0001s ]
INFO: [ view_parse ] --START--
INFO: [ template_filter ] --START--
INFO: Run Behavior\ContentReplaceBehavior [ RunTime:0.000031s ]
INFO: [ template_filter ] --END-- [ RunTime:0.000071s ]
NOTIC: [8] Undefined variable: page /Users/ronin/workspace/php/proj_car/Application/Runtime/Cache/Home/2828b1d9bb7750fd9ccb5ab7b921deba.php 第 18 行.
INFO: Run Behavior\ParseTemplateBehavior [ RunTime:0.006389s ]
INFO: [ view_parse ] --END-- [ RunTime:0.006421s ]
INFO: [ view_filter ] --START--
INFO: Run Behavior\WriteHtmlCacheBehavior [ RunTime:0.000120s ]
INFO: [ view_filter ] --END-- [ RunTime:0.000155s ]
INFO: [ app_end ] --START--
INFO: Run Behavior\ShowPageTraceBehavior [ RunTime:0.000544s ]
INFO: [ app_end ] --END-- [ RunTime:0.000598s ]

[ 2015-04-26T22:50:48+08:00 ] ::1 /proj_car/index.php/cars/getFilter?gear=AT&seat=5
INFO: [ app_init ] --START--
INFO: Run Behavior\BuildLiteBehavior [ RunTime:0.000012s ]
INFO: [ app_init ] --END-- [ RunTime:0.000318s ]
INFO: [ app_begin ] --START--
INFO: Run Behavior\ReadHtmlCacheBehavior [ RunTime:0.000295s ]
INFO: [ app_begin ] --END-- [ RunTime:0.000329s ]
SQL: SHOW COLUMNS FROM `cars` [ RunTime:0.0060s ]
SQL: SHOW COLUMNS FROM `cars` [ RunTime:0.0020s ]
SQL: SELECT ci.img,c.id,c.brand,c.cars,c.seat_number,c.transmission,c.discharge,p.o_price,p.n_price,s.stock_name FROM car_img as ci, cars as c, price as p, stock as s WHERE ci.c_id = c.id AND p.c_id = c.id and s.c_id = c.id and c.transmission ="AT" and c.seat_number = "5" ORDER BY c.id desc LIMIT 0,10 [ RunTime:0.0005s ]
SQL: SELECT ci.img,c.id,c.brand,c.cars,c.seat_number,c.transmission,c.discharge,p.o_price,p.n_price,s.stock_name FROM car_img as ci, cars as c, price as p, stock as s WHERE ci.c_id = c.id AND p.c_id = c.id and s.c_id = c.id and c.transmission ="AT" and c.seat_number = "5" [ RunTime:0.0004s ]

[ 2015-04-26T22:51:18+08:00 ] ::1 /proj_car/index.php/cars/index?menu=2
INFO: [ app_init ] --START--
INFO: Run Behavior\BuildLiteBehavior [ RunTime:0.000038s ]
INFO: [ app_init ] --END-- [ RunTime:0.000408s ]
INFO: [ app_begin ] --START--
INFO: Run Behavior\ReadHtmlCacheBehavior [ RunTime:0.000457s ]
INFO: [ app_begin ] --END-- [ RunTime:0.000525s ]
SQL: SHOW COLUMNS FROM `cars` [ RunTime:0.0065s ]
SQL: SHOW COLUMNS FROM `cars` [ RunTime:0.0016s ]
SQL: SELECT ci.img,c.id,c.brand,c.cars,c.seat_number,c.transmission,c.discharge,p.o_price,p.n_price,s.stock_name FROM car_img as ci, cars as c, price as p, stock as s WHERE ci.c_id = c.id AND p.c_id = c.id and s.c_id = c.id ORDER BY c.id desc LIMIT 0,10 [ RunTime:0.0004s ]
SQL: SELECT COUNT(*) AS tp_count FROM `cars` LIMIT 1   [ RunTime:0.0001s ]
INFO: [ view_parse ] --START--
INFO: [ template_filter ] --START--
INFO: Run Behavior\ContentReplaceBehavior [ RunTime:0.000042s ]
INFO: [ template_filter ] --END-- [ RunTime:0.000094s ]
NOTIC: [8] Undefined variable: page /Users/ronin/workspace/php/proj_car/Application/Runtime/Cache/Home/2828b1d9bb7750fd9ccb5ab7b921deba.php 第 18 行.
INFO: Run Behavior\ParseTemplateBehavior [ RunTime:0.008195s ]
INFO: [ view_parse ] --END-- [ RunTime:0.008249s ]
INFO: [ view_filter ] --START--
INFO: Run Behavior\WriteHtmlCacheBehavior [ RunTime:0.000141s ]
INFO: [ view_filter ] --END-- [ RunTime:0.000170s ]
INFO: [ app_end ] --START--
INFO: Run Behavior\ShowPageTraceBehavior [ RunTime:0.000482s ]
INFO: [ app_end ] --END-- [ RunTime:0.000550s ]

[ 2015-04-26T22:51:22+08:00 ] ::1 /proj_car/index.php/cars/getFilter?gear=AT&seat=5
INFO: [ app_init ] --START--
INFO: Run Behavior\BuildLiteBehavior [ RunTime:0.000010s ]
INFO: [ app_init ] --END-- [ RunTime:0.000221s ]
INFO: [ app_begin ] --START--
INFO: Run Behavior\ReadHtmlCacheBehavior [ RunTime:0.000466s ]
INFO: [ app_begin ] --END-- [ RunTime:0.000507s ]
SQL: SHOW COLUMNS FROM `cars` [ RunTime:0.0060s ]
SQL: SHOW COLUMNS FROM `cars` [ RunTime:0.0023s ]
SQL: SELECT ci.img,c.id,c.brand,c.cars,c.seat_number,c.transmission,c.discharge,p.o_price,p.n_price,s.stock_name FROM car_img as ci, cars as c, price as p, stock as s WHERE ci.c_id = c.id AND p.c_id = c.id and s.c_id = c.id and c.transmission ="AT" and c.seat_number = "5" ORDER BY c.id desc LIMIT 0,10 [ RunTime:0.0004s ]
SQL: SELECT ci.img,c.id,c.brand,c.cars,c.seat_number,c.transmission,c.discharge,p.o_price,p.n_price,s.stock_name FROM car_img as ci, cars as c, price as p, stock as s WHERE ci.c_id = c.id AND p.c_id = c.id and s.c_id = c.id and c.transmission ="AT" and c.seat_number = "5" [ RunTime:0.0002s ]

[ 2015-04-26T22:52:52+08:00 ] ::1 /proj_car/index.php/cars/index?menu=2
INFO: [ app_init ] --START--
INFO: Run Behavior\BuildLiteBehavior [ RunTime:0.000011s ]
INFO: [ app_init ] --END-- [ RunTime:0.000224s ]
INFO: [ app_begin ] --START--
INFO: Run Behavior\ReadHtmlCacheBehavior [ RunTime:0.000452s ]
INFO: [ app_begin ] --END-- [ RunTime:0.000518s ]
SQL: SHOW COLUMNS FROM `cars` [ RunTime:0.0060s ]
SQL: SHOW COLUMNS FROM `cars` [ RunTime:0.0019s ]
SQL: SELECT ci.img,c.id,c.brand,c.cars,c.seat_number,c.transmission,c.discharge,p.o_price,p.n_price,s.stock_name FROM car_img as ci, cars as c, price as p, stock as s WHERE ci.c_id = c.id AND p.c_id = c.id and s.c_id = c.id ORDER BY c.id desc LIMIT 0,10 [ RunTime:0.0540s ]
SQL: SELECT COUNT(*) AS tp_count FROM `cars` LIMIT 1   [ RunTime:0.0002s ]
INFO: [ view_parse ] --START--
INFO: [ template_filter ] --START--
INFO: Run Behavior\ContentReplaceBehavior [ RunTime:0.000039s ]
INFO: [ template_filter ] --END-- [ RunTime:0.000088s ]
NOTIC: [8] Undefined variable: page /Users/ronin/workspace/php/proj_car/Application/Runtime/Cache/Home/2828b1d9bb7750fd9ccb5ab7b921deba.php 第 18 行.
INFO: Run Behavior\ParseTemplateBehavior [ RunTime:0.008698s ]
INFO: [ view_parse ] --END-- [ RunTime:0.008755s ]
INFO: [ view_filter ] --START--
INFO: Run Behavior\WriteHtmlCacheBehavior [ RunTime:0.000171s ]
INFO: [ view_filter ] --END-- [ RunTime:0.000205s ]
INFO: [ app_end ] --START--
INFO: Run Behavior\ShowPageTraceBehavior [ RunTime:0.000446s ]
INFO: [ app_end ] --END-- [ RunTime:0.000495s ]

[ 2015-04-26T22:52:58+08:00 ] ::1 /proj_car/index.php/cars/getFilter?gear=AT&seat=5
INFO: [ app_init ] --START--
INFO: Run Behavior\BuildLiteBehavior [ RunTime:0.000010s ]
INFO: [ app_init ] --END-- [ RunTime:0.000202s ]
INFO: [ app_begin ] --START--
INFO: Run Behavior\ReadHtmlCacheBehavior [ RunTime:0.000484s ]
INFO: [ app_begin ] --END-- [ RunTime:0.000527s ]
SQL: SHOW COLUMNS FROM `cars` [ RunTime:0.0061s ]
SQL: SHOW COLUMNS FROM `cars` [ RunTime:0.0020s ]
SQL: SELECT ci.img,c.id,c.brand,c.cars,c.seat_number,c.transmission,c.discharge,p.o_price,p.n_price,s.stock_name FROM car_img as ci, cars as c, price as p, stock as s WHERE ci.c_id = c.id AND p.c_id = c.id and s.c_id = c.id and c.transmission ="AT" and c.seat_number = "5" ORDER BY c.id desc LIMIT 0,10 [ RunTime:0.0004s ]
SQL: SELECT ci.img,c.id,c.brand,c.cars,c.seat_number,c.transmission,c.discharge,p.o_price,p.n_price,s.stock_name FROM car_img as ci, cars as c, price as p, stock as s WHERE ci.c_id = c.id AND p.c_id = c.id and s.c_id = c.id and c.transmission ="AT" and c.seat_number = "5" [ RunTime:0.0002s ]

[ 2015-04-26T22:53:24+08:00 ] ::1 /proj_car/index.php/cars/index?menu=2
INFO: [ app_init ] --START--
INFO: Run Behavior\BuildLiteBehavior [ RunTime:0.000010s ]
INFO: [ app_init ] --END-- [ RunTime:0.000267s ]
INFO: [ app_begin ] --START--
INFO: Run Behavior\ReadHtmlCacheBehavior [ RunTime:0.000288s ]
INFO: [ app_begin ] --END-- [ RunTime:0.000323s ]
SQL: SHOW COLUMNS FROM `cars` [ RunTime:0.0059s ]
SQL: SHOW COLUMNS FROM `cars` [ RunTime:0.0018s ]
SQL: SELECT ci.img,c.id,c.brand,c.cars,c.seat_number,c.transmission,c.discharge,p.o_price,p.n_price,s.stock_name FROM car_img as ci, cars as c, price as p, stock as s WHERE ci.c_id = c.id AND p.c_id = c.id and s.c_id = c.id ORDER BY c.id desc LIMIT 0,10 [ RunTime:0.0005s ]
SQL: SELECT COUNT(*) AS tp_count FROM `cars` LIMIT 1   [ RunTime:0.0002s ]
INFO: [ view_parse ] --START--
INFO: [ template_filter ] --START--
INFO: Run Behavior\ContentReplaceBehavior [ RunTime:0.000032s ]
INFO: [ template_filter ] --END-- [ RunTime:0.000076s ]
NOTIC: [8] Undefined variable: page /Users/ronin/workspace/php/proj_car/Application/Runtime/Cache/Home/2828b1d9bb7750fd9ccb5ab7b921deba.php 第 18 行.
INFO: Run Behavior\ParseTemplateBehavior [ RunTime:0.007122s ]
INFO: [ view_parse ] --END-- [ RunTime:0.007161s ]
INFO: [ view_filter ] --START--
INFO: Run Behavior\WriteHtmlCacheBehavior [ RunTime:0.000132s ]
INFO: [ view_filter ] --END-- [ RunTime:0.000161s ]
INFO: [ app_end ] --START--
INFO: Run Behavior\ShowPageTraceBehavior [ RunTime:0.000388s ]
INFO: [ app_end ] --END-- [ RunTime:0.000429s ]

[ 2015-04-26T22:53:33+08:00 ] ::1 /proj_car/index.php/cars/getFilter?gear=AT&seat=5
INFO: [ app_init ] --START--
INFO: Run Behavior\BuildLiteBehavior [ RunTime:0.000011s ]
INFO: [ app_init ] --END-- [ RunTime:0.000231s ]
INFO: [ app_begin ] --START--
INFO: Run Behavior\ReadHtmlCacheBehavior [ RunTime:0.000373s ]
INFO: [ app_begin ] --END-- [ RunTime:0.000416s ]
SQL: SHOW COLUMNS FROM `cars` [ RunTime:0.0021s ]
SQL: SHOW COLUMNS FROM `cars` [ RunTime:0.0015s ]
SQL: SELECT ci.img,c.id,c.brand,c.cars,c.seat_number,c.transmission,c.discharge,p.o_price,p.n_price,s.stock_name FROM car_img as ci, cars as c, price as p, stock as s WHERE ci.c_id = c.id AND p.c_id = c.id and s.c_id = c.id and c.transmission ="AT" and c.seat_number = "5" ORDER BY c.id desc LIMIT 0,10 [ RunTime:0.0005s ]
SQL: SELECT ci.img,c.id,c.brand,c.cars,c.seat_number,c.transmission,c.discharge,p.o_price,p.n_price,s.stock_name FROM car_img as ci, cars as c, price as p, stock as s WHERE ci.c_id = c.id AND p.c_id = c.id and s.c_id = c.id and c.transmission ="AT" and c.seat_number = "5" [ RunTime:0.0003s ]

[ 2015-04-26T22:54:06+08:00 ] ::1 /proj_car/index.php/cars/index?menu=2
INFO: [ app_init ] --START--
INFO: Run Behavior\BuildLiteBehavior [ RunTime:0.000015s ]
INFO: [ app_init ] --END-- [ RunTime:0.000351s ]
INFO: [ app_begin ] --START--
INFO: Run Behavior\ReadHtmlCacheBehavior [ RunTime:0.000410s ]
INFO: [ app_begin ] --END-- [ RunTime:0.000450s ]
SQL: SHOW COLUMNS FROM `cars` [ RunTime:0.0057s ]
SQL: SHOW COLUMNS FROM `cars` [ RunTime:0.0017s ]
SQL: SELECT ci.img,c.id,c.brand,c.cars,c.seat_number,c.transmission,c.discharge,p.o_price,p.n_price,s.stock_name FROM car_img as ci, cars as c, price as p, stock as s WHERE ci.c_id = c.id AND p.c_id = c.id and s.c_id = c.id ORDER BY c.id desc LIMIT 0,10 [ RunTime:0.0005s ]
SQL: SELECT COUNT(*) AS tp_count FROM `cars` LIMIT 1   [ RunTime:0.0001s ]
INFO: [ view_parse ] --START--
INFO: [ template_filter ] --START--
INFO: Run Behavior\ContentReplaceBehavior [ RunTime:0.000032s ]
INFO: [ template_filter ] --END-- [ RunTime:0.000073s ]
NOTIC: [8] Undefined variable: page /Users/ronin/workspace/php/proj_car/Application/Runtime/Cache/Home/2828b1d9bb7750fd9ccb5ab7b921deba.php 第 18 行.
INFO: Run Behavior\ParseTemplateBehavior [ RunTime:0.006855s ]
INFO: [ view_parse ] --END-- [ RunTime:0.006891s ]
INFO: [ view_filter ] --START--
INFO: Run Behavior\WriteHtmlCacheBehavior [ RunTime:0.000117s ]
INFO: [ view_filter ] --END-- [ RunTime:0.000144s ]
INFO: [ app_end ] --START--
INFO: Run Behavior\ShowPageTraceBehavior [ RunTime:0.000368s ]
INFO: [ app_end ] --END-- [ RunTime:0.000410s ]

[ 2015-04-26T22:54:11+08:00 ] ::1 /proj_car/index.php/cars/getFilter?gear=AT&seat=5
INFO: [ app_init ] --START--
INFO: Run Behavior\BuildLiteBehavior [ RunTime:0.000011s ]
INFO: [ app_init ] --END-- [ RunTime:0.000254s ]
INFO: [ app_begin ] --START--
INFO: Run Behavior\ReadHtmlCacheBehavior [ RunTime:0.000379s ]
INFO: [ app_begin ] --END-- [ RunTime:0.000425s ]
SQL: SHOW COLUMNS FROM `cars` [ RunTime:0.0061s ]
SQL: SHOW COLUMNS FROM `cars` [ RunTime:0.0023s ]
SQL: SELECT ci.img,c.id,c.brand,c.cars,c.seat_number,c.transmission,c.discharge,p.o_price,p.n_price,s.stock_name FROM car_img as ci, cars as c, price as p, stock as s WHERE ci.c_id = c.id AND p.c_id = c.id and s.c_id = c.id and c.transmission ="AT" and c.seat_number = "5" ORDER BY c.id desc LIMIT 0,10 [ RunTime:0.0005s ]
SQL: SELECT ci.img,c.id,c.brand,c.cars,c.seat_number,c.transmission,c.discharge,p.o_price,p.n_price,s.stock_name FROM car_img as ci, cars as c, price as p, stock as s WHERE ci.c_id = c.id AND p.c_id = c.id and s.c_id = c.id and c.transmission ="AT" and c.seat_number = "5" [ RunTime:0.0004s ]

[ 2015-04-26T22:54:41+08:00 ] ::1 /proj_car/index.php/cars/index?menu=2
INFO: [ app_init ] --START--
INFO: Run Behavior\BuildLiteBehavior [ RunTime:0.000017s ]
INFO: [ app_init ] --END-- [ RunTime:0.000428s ]
INFO: [ app_begin ] --START--
INFO: Run Behavior\ReadHtmlCacheBehavior [ RunTime:0.000516s ]
INFO: [ app_begin ] --END-- [ RunTime:0.000582s ]
SQL: SHOW COLUMNS FROM `cars` [ RunTime:0.0020s ]
SQL: SHOW COLUMNS FROM `cars` [ RunTime:0.0015s ]
SQL: SELECT ci.img,c.id,c.brand,c.cars,c.seat_number,c.transmission,c.discharge,p.o_price,p.n_price,s.stock_name FROM car_img as ci, cars as c, price as p, stock as s WHERE ci.c_id = c.id AND p.c_id = c.id and s.c_id = c.id ORDER BY c.id desc LIMIT 0,10 [ RunTime:0.0004s ]
SQL: SELECT COUNT(*) AS tp_count FROM `cars` LIMIT 1   [ RunTime:0.0002s ]
INFO: [ view_parse ] --START--
INFO: [ template_filter ] --START--
INFO: Run Behavior\ContentReplaceBehavior [ RunTime:0.000032s ]
INFO: [ template_filter ] --END-- [ RunTime:0.000074s ]
NOTIC: [8] Undefined variable: page /Users/ronin/workspace/php/proj_car/Application/Runtime/Cache/Home/2828b1d9bb7750fd9ccb5ab7b921deba.php 第 18 行.
INFO: Run Behavior\ParseTemplateBehavior [ RunTime:0.006984s ]
INFO: [ view_parse ] --END-- [ RunTime:0.007024s ]
INFO: [ view_filter ] --START--
INFO: Run Behavior\WriteHtmlCacheBehavior [ RunTime:0.000121s ]
INFO: [ view_filter ] --END-- [ RunTime:0.000150s ]
INFO: [ app_end ] --START--
INFO: Run Behavior\ShowPageTraceBehavior [ RunTime:0.000415s ]
INFO: [ app_end ] --END-- [ RunTime:0.000456s ]

[ 2015-04-26T22:54:45+08:00 ] ::1 /proj_car/index.php/cars/getFilter?gear=AT&seat=5
INFO: [ app_init ] --START--
INFO: Run Behavior\BuildLiteBehavior [ RunTime:0.000010s ]
INFO: [ app_init ] --END-- [ RunTime:0.000334s ]
INFO: [ app_begin ] --START--
INFO: Run Behavior\ReadHtmlCacheBehavior [ RunTime:0.000351s ]
INFO: [ app_begin ] --END-- [ RunTime:0.000392s ]
SQL: SHOW COLUMNS FROM `cars` [ RunTime:0.0059s ]
SQL: SHOW COLUMNS FROM `cars` [ RunTime:0.0016s ]
SQL: SELECT ci.img,c.id,c.brand,c.cars,c.seat_number,c.transmission,c.discharge,p.o_price,p.n_price,s.stock_name FROM car_img as ci, cars as c, price as p, stock as s WHERE ci.c_id = c.id AND p.c_id = c.id and s.c_id = c.id and c.transmission ="AT" and c.seat_number = "5" ORDER BY c.id desc LIMIT 0,10 [ RunTime:0.0004s ]
SQL: SELECT ci.img,c.id,c.brand,c.cars,c.seat_number,c.transmission,c.discharge,p.o_price,p.n_price,s.stock_name FROM car_img as ci, cars as c, price as p, stock as s WHERE ci.c_id = c.id AND p.c_id = c.id and s.c_id = c.id and c.transmission ="AT" and c.seat_number = "5" [ RunTime:0.0002s ]

