[ 2015-04-12T10:46:36+08:00 ] ::1 /proj_car/admin.php
INFO: [ app_init ] --START--
INFO: Run Behavior\BuildLiteBehavior [ RunTime:0.000054s ]
INFO: [ app_init ] --END-- [ RunTime:0.001391s ]
INFO: [ app_begin ] --START--
INFO: Run Behavior\ReadHtmlCacheBehavior [ RunTime:0.001167s ]
INFO: [ app_begin ] --END-- [ RunTime:0.001260s ]
INFO: [ view_parse ] --START--
INFO: [ template_filter ] --START--
INFO: Run Behavior\ContentReplaceBehavior [ RunTime:0.000029s ]
INFO: [ template_filter ] --END-- [ RunTime:0.000093s ]
NOTIC: [8] Undefined variable: info /Users/ronin/workspace/php/proj_car/Application/Runtime/Cache/Admin/49a26e20209869a5aa8a6380b3b18b5a.php 第 24 行.
INFO: Run Behavior\ParseTemplateBehavior [ RunTime:0.021635s ]
INFO: [ view_parse ] --END-- [ RunTime:0.021703s ]
INFO: [ view_filter ] --START--
INFO: Run Behavior\WriteHtmlCacheBehavior [ RunTime:0.000565s ]
INFO: [ view_filter ] --END-- [ RunTime:0.000634s ]
INFO: [ app_end ] --START--
INFO: Run Behavior\ShowPageTraceBehavior [ RunTime:0.017547s ]
INFO: [ app_end ] --END-- [ RunTime:0.017629s ]

